[debug] [2025-07-05T21:12:31.766Z] ----------------------------------------------------------------------
[debug] [2025-07-05T21:12:31.768Z] Command:       C:\Program Files\nodejs\node.exe C:\Users\gabri\AppData\Roaming\npm\node_modules\firebase-tools\lib\bin\firebase.js init
[debug] [2025-07-05T21:12:31.768Z] CLI Version:   14.9.0
[debug] [2025-07-05T21:12:31.768Z] Platform:      win32
[debug] [2025-07-05T21:12:31.768Z] Node Version:  v22.15.0
[debug] [2025-07-05T21:12:31.769Z] Time:          Sat Jul 05 2025 18:12:31 GMT-0300 (Horário Padrão de Brasília)
[debug] [2025-07-05T21:12:31.769Z] ----------------------------------------------------------------------
[debug] 
[debug] [2025-07-05T21:12:31.771Z] >>> [apiv2][query] GET https://firebase-public.firebaseio.com/cli.json [none]
[debug] [2025-07-05T21:12:31.807Z] > command requires scopes: ["email","openid","https://www.googleapis.com/auth/cloudplatformprojects.readonly","https://www.googleapis.com/auth/firebase","https://www.googleapis.com/auth/cloud-platform"]
[debug] [2025-07-05T21:12:31.807Z] > authorizing via signed-in user (adm@solon-adm.com)
[info] 
     ######## #### ########  ######## ########     ###     ######  ########
     ##        ##  ##     ## ##       ##     ##  ##   ##  ##       ##
     ######    ##  ########  ######   ########  #########  ######  ######
     ##        ##  ##    ##  ##       ##     ## ##     ##       ## ##
     ##       #### ##     ## ######## ########  ##     ##  ######  ########

You're about to initialize a Firebase project in this directory:

  C:\Users\gabri\emendas-municipais

[debug] [2025-07-05T21:12:32.209Z] <<< [apiv2][status] GET https://firebase-public.firebaseio.com/cli.json 200
[debug] [2025-07-05T21:12:32.209Z] <<< [apiv2][body] GET https://firebase-public.firebaseio.com/cli.json {"cloudBuildErrorAfter":1594252800000,"cloudBuildWarnAfter":1590019200000,"defaultNode10After":1594252800000,"minVersion":"3.0.5","node8DeploysDisabledAfter":1613390400000,"node8RuntimeDisabledAfter":1615809600000,"node8WarnAfter":1600128000000}
[info] 
=== Project Setup
[info] 
[info] First, let's associate this project directory with a Firebase project.
[info] You can create multiple project aliases by running firebase use --add, 
[info] but for now we'll just set up a default project.
[info] 
[debug] [2025-07-05T21:14:47.762Z] Checked if tokens are valid: false, expires at: 1751227304462
[debug] [2025-07-05T21:14:47.762Z] Checked if tokens are valid: false, expires at: 1751227304462
[debug] [2025-07-05T21:14:47.762Z] > refreshing access token with scopes: []
[debug] [2025-07-05T21:14:47.763Z] >>> [apiv2][query] POST https://www.googleapis.com/oauth2/v3/token [none]
[debug] [2025-07-05T21:14:47.763Z] >>> [apiv2][body] POST https://www.googleapis.com/oauth2/v3/token [omitted]
[debug] [2025-07-05T21:14:48.056Z] <<< [apiv2][status] POST https://www.googleapis.com/oauth2/v3/token 400
[debug] [2025-07-05T21:14:48.056Z] <<< [apiv2][body] POST https://www.googleapis.com/oauth2/v3/token [omitted]
[error] Authentication Error: Your credentials are no longer valid. Please run firebase login --reauth

For CI servers and headless environments, generate a new token with firebase login:ci
[error] Authentication Error: Your credentials are no longer valid. Please run firebase login --reauth

For CI servers and headless environments, generate a new token with firebase login:ci
[debug] [2025-07-05T21:14:48.057Z] Authentication Error: Your credentials are no longer valid. Please run firebase login --reauth

For CI servers and headless environments, generate a new token with firebase login:ci
[debug] [2025-07-05T21:14:48.269Z] FirebaseError: Authentication Error: Your credentials are no longer valid. Please run firebase login --reauth

For CI servers and headless environments, generate a new token with firebase login:ci
    at invalidCredentialError (C:\Users\gabri\AppData\Roaming\npm\node_modules\firebase-tools\lib\auth.js:167:12)
    at refreshTokens (C:\Users\gabri\AppData\Roaming\npm\node_modules\firebase-tools\lib\auth.js:556:15)
    at process.processTicksAndRejections (node:internal/process/task_queues:105:5)
    at async getAccessToken (C:\Users\gabri\AppData\Roaming\npm\node_modules\firebase-tools\lib\apiv2.js:42:18)
    at async Client.addAuthHeader (C:\Users\gabri\AppData\Roaming\npm\node_modules\firebase-tools\lib\apiv2.js:169:21)
    at async Client.request (C:\Users\gabri\AppData\Roaming\npm\node_modules\firebase-tools\lib\apiv2.js:120:34)
    at async getProjectPage (C:\Users\gabri\AppData\Roaming\npm\node_modules\firebase-tools\lib\management\projects.js:267:17)
    at async getFirebaseProjectPage (C:\Users\gabri\AppData\Roaming\npm\node_modules\firebase-tools\lib\management\projects.js:284:23)
    at async selectProjectInteractively (C:\Users\gabri\AppData\Roaming\npm\node_modules\firebase-tools\lib\management\projects.js:134:41)
    at async Object.doSetup (C:\Users\gabri\AppData\Roaming\npm\node_modules\firebase-tools\lib\init\features\project.js:85:31)
[error] 
[error] Error: Failed to list Firebase projects. See firebase-debug.log for more info.
[debug] [2025-07-05T21:15:17.881Z] ----------------------------------------------------------------------
[debug] [2025-07-05T21:15:17.882Z] Command:       C:\Program Files\nodejs\node.exe C:\Users\gabri\AppData\Roaming\npm\node_modules\firebase-tools\lib\bin\firebase.js init hosting
[debug] [2025-07-05T21:15:17.883Z] CLI Version:   14.9.0
[debug] [2025-07-05T21:15:17.883Z] Platform:      win32
[debug] [2025-07-05T21:15:17.883Z] Node Version:  v22.15.0
[debug] [2025-07-05T21:15:17.883Z] Time:          Sat Jul 05 2025 18:15:17 GMT-0300 (Horário Padrão de Brasília)
[debug] [2025-07-05T21:15:17.883Z] ----------------------------------------------------------------------
[debug] 
[debug] [2025-07-05T21:15:17.887Z] > command requires scopes: ["email","openid","https://www.googleapis.com/auth/cloudplatformprojects.readonly","https://www.googleapis.com/auth/firebase","https://www.googleapis.com/auth/cloud-platform"]
[debug] [2025-07-05T21:15:17.888Z] > authorizing via signed-in user (adm@solon-adm.com)
[info] 
     ######## #### ########  ######## ########     ###     ######  ########
     ##        ##  ##     ## ##       ##     ##  ##   ##  ##       ##
     ######    ##  ########  ######   ########  #########  ######  ######
     ##        ##  ##    ##  ##       ##     ## ##     ##       ## ##
     ##       #### ##     ## ######## ########  ##     ##  ######  ########

You're about to initialize a Firebase project in this directory:

  C:\Users\gabri\emendas-municipais

[info] 
=== Project Setup
[info] 
[info] First, let's associate this project directory with a Firebase project.
[info] You can create multiple project aliases by running firebase use --add, 
[info] but for now we'll just set up a default project.
[info] 
[debug] [2025-07-05T21:15:53.339Z] ----------------------------------------------------------------------
[debug] [2025-07-05T21:15:53.341Z] Command:       C:\Program Files\nodejs\node.exe C:\Users\gabri\AppData\Roaming\npm\node_modules\firebase-tools\lib\bin\firebase.js init hosting
[debug] [2025-07-05T21:15:53.341Z] CLI Version:   14.9.0
[debug] [2025-07-05T21:15:53.341Z] Platform:      win32
[debug] [2025-07-05T21:15:53.342Z] Node Version:  v22.15.0
[debug] [2025-07-05T21:15:53.342Z] Time:          Sat Jul 05 2025 18:15:53 GMT-0300 (Horário Padrão de Brasília)
[debug] [2025-07-05T21:15:53.342Z] ----------------------------------------------------------------------
[debug] 
[debug] [2025-07-05T21:15:53.345Z] > command requires scopes: ["email","openid","https://www.googleapis.com/auth/cloudplatformprojects.readonly","https://www.googleapis.com/auth/firebase","https://www.googleapis.com/auth/cloud-platform"]
[debug] [2025-07-05T21:15:53.346Z] > authorizing via signed-in user (adm@solon-adm.com)
[info] 
     ######## #### ########  ######## ########     ###     ######  ########
     ##        ##  ##     ## ##       ##     ##  ##   ##  ##       ##
     ######    ##  ########  ######   ########  #########  ######  ######
     ##        ##  ##    ##  ##       ##     ## ##     ##       ## ##
     ##       #### ##     ## ######## ########  ##     ##  ######  ########

You're about to initialize a Firebase project in this directory:

  C:\Users\gabri\emendas-municipais

[info] 
=== Project Setup
[info] 
[info] First, let's associate this project directory with a Firebase project.
[info] You can create multiple project aliases by running firebase use --add, 
[info] but for now we'll just set up a default project.
[info] 
[debug] [2025-07-05T21:16:05.219Z] Checked if tokens are valid: false, expires at: 1751227304462
[debug] [2025-07-05T21:16:05.219Z] Checked if tokens are valid: false, expires at: 1751227304462
[debug] [2025-07-05T21:16:05.219Z] > refreshing access token with scopes: []
[debug] [2025-07-05T21:16:05.222Z] >>> [apiv2][query] POST https://www.googleapis.com/oauth2/v3/token [none]
[debug] [2025-07-05T21:16:05.222Z] >>> [apiv2][body] POST https://www.googleapis.com/oauth2/v3/token [omitted]
[debug] [2025-07-05T21:16:05.500Z] <<< [apiv2][status] POST https://www.googleapis.com/oauth2/v3/token 400
[debug] [2025-07-05T21:16:05.500Z] <<< [apiv2][body] POST https://www.googleapis.com/oauth2/v3/token [omitted]
[error] Authentication Error: Your credentials are no longer valid. Please run firebase login --reauth

For CI servers and headless environments, generate a new token with firebase login:ci
[error] Authentication Error: Your credentials are no longer valid. Please run firebase login --reauth

For CI servers and headless environments, generate a new token with firebase login:ci
[debug] [2025-07-05T21:16:05.501Z] Authentication Error: Your credentials are no longer valid. Please run firebase login --reauth

For CI servers and headless environments, generate a new token with firebase login:ci
[debug] [2025-07-05T21:16:05.716Z] FirebaseError: Authentication Error: Your credentials are no longer valid. Please run firebase login --reauth

For CI servers and headless environments, generate a new token with firebase login:ci
    at invalidCredentialError (C:\Users\gabri\AppData\Roaming\npm\node_modules\firebase-tools\lib\auth.js:167:12)
    at refreshTokens (C:\Users\gabri\AppData\Roaming\npm\node_modules\firebase-tools\lib\auth.js:556:15)
    at process.processTicksAndRejections (node:internal/process/task_queues:105:5)
    at async getAccessToken (C:\Users\gabri\AppData\Roaming\npm\node_modules\firebase-tools\lib\apiv2.js:42:18)
    at async Client.addAuthHeader (C:\Users\gabri\AppData\Roaming\npm\node_modules\firebase-tools\lib\apiv2.js:169:21)
    at async Client.request (C:\Users\gabri\AppData\Roaming\npm\node_modules\firebase-tools\lib\apiv2.js:120:34)
    at async getProjectPage (C:\Users\gabri\AppData\Roaming\npm\node_modules\firebase-tools\lib\management\projects.js:267:17)
    at async getFirebaseProjectPage (C:\Users\gabri\AppData\Roaming\npm\node_modules\firebase-tools\lib\management\projects.js:284:23)
    at async selectProjectInteractively (C:\Users\gabri\AppData\Roaming\npm\node_modules\firebase-tools\lib\management\projects.js:134:41)
    at async Object.doSetup (C:\Users\gabri\AppData\Roaming\npm\node_modules\firebase-tools\lib\init\features\project.js:85:31)
[error] 
[error] Error: Failed to list Firebase projects. See firebase-debug.log for more info.
